Running: C:\Xilinx\14.4\ISE_DS\ISE\bin\nt64\unwrapped\fuse.exe -intstyle ise -incremental -lib secureip -o C:/Main/-Simple_DDS_Generator/dds_gen_ise/tb_dds_gen_isim_beh.exe -prj C:/Main/-Simple_DDS_Generator/dds_gen_ise/tb_dds_gen_beh.prj DDS.tb_dds_gen 
ISim P.49d (signature 0x7708f090)
Number of CPUs detected in this system: 28
Turning on mult-threading, number of parallel sub-compilation jobs: 56 
Determining compilation order of HDL files
Parsing VHDL file "C:/Main/-Simple_DDS_Generator/dds_gen_ise/../hdl/vhdl/dds_pkg.vhd" into library DDS
Parsing VHDL file "C:/Main/-Simple_DDS_Generator/dds_gen_ise/../hdl/vhdl/dds_fa.vhd" into library DDS
Parsing VHDL file "C:/Main/-Simple_DDS_Generator/dds_gen_ise/../hdl/vhdl/dds_adder.vhd" into library DDS
Parsing VHDL file "C:/Main/-Simple_DDS_Generator/dds_gen_ise/../hdl/vhdl/dds_regs.vhd" into library DDS
Parsing VHDL file "C:/Main/-Simple_DDS_Generator/dds_gen_ise/../hdl/vhdl/dds_lut.vhd" into library DDS
Parsing VHDL file "C:/Main/-Simple_DDS_Generator/dds_gen_ise/../hdl/vhdl/dds_core.vhd" into library DDS
Parsing VHDL file "C:/Main/-Simple_DDS_Generator/dds_gen_ise/../hdl/vhdl/dds_gen.vhd" into library DDS
Parsing VHDL file "C:/Main/-Simple_DDS_Generator/dds_gen_ise/../hdl/vhdl/dds_tb.vhd" into library DDS
Starting static elaboration
Completed static elaboration
Compiling package standard
Compiling package std_logic_1164
Compiling package numeric_std
Compiling package math_real
Compiling package dds_pkg
Compiling architecture implementation of entity dds_lut [\dds_lut(16,256)\]
Compiling architecture implementation of entity dds_regs [dds_regs_default]
Compiling architecture implementation of entity dds_fa [dds_fa_default]
Compiling architecture implementation of entity dds_adder [\dds_adder(64)\]
Compiling architecture implementation of entity dds_core [\dds_core(256,64)\]
Compiling architecture implementation of entity dds_gen [\dds_gen(16,256,64,16)\]
Compiling architecture tb of entity tb_dds_gen
Time Resolution for simulation is 1ps.
Compiled 18 VHDL Units
Built simulation executable C:/Main/-Simple_DDS_Generator/dds_gen_ise/tb_dds_gen_isim_beh.exe
Fuse Memory Usage: 38544 KB
Fuse CPU Usage: 218 ms
