ISim log file
Running: C:\Main\-Simple_DDS_Generator\dds_gen_ise\tb_dds_gen_isim_beh.exe -intstyle ise -gui -tclbatch isim.cmd -view C:/Main/-Simple_DDS_Generator/dds_gen_ise/dwcfg.wcfg -wdb C:/Main/-Simple_DDS_Generator/dds_gen_ise/tb_dds_gen_isim_beh.wdb 
ISim P.49d (signature 0x7708f090)
----------------------------------------------------------------------
INFO:Security:51 - The XILINXD_LICENSE_FILE environment variable is not set.
INFO:Security:52 - The LM_LICENSE_FILE environment variable is set to '2100@CAI1-LICENSE'.
WARNING:Security:43 - No license file was found in the standard Xilinx license directory.
WARNING:Security:44 - Since no license file was found,
       please run the Xilinx License Configuration Manager
       (xlcm or "Manage Xilinx Licenses")
       to assist in obtaining a license.
WARNING:Security:42 - Your software subscription period has lapsed. Your current version of Xilinx tools will continue to function, but you no longer qualify for Xilinx software updates or new releases.


----------------------------------------------------------------------
This is a Full version of ISim.
Time resolution is 1 ps
# onerror resume
# run 1000 ns
Simulator is doing circuit initialization process.
Finished circuit initialization process.
at 260 ns: Note: RegisterCheck Success at addr = 0 (/tb_dds_gen/).
at 340 ns: Note: RegisterCheck Success at addr = 1 (/tb_dds_gen/).
at 420 ns: Note: RegisterCheck Success at addr = 2 (/tb_dds_gen/).
at 500 ns: Note: RegisterCheck Success at addr = 3 (/tb_dds_gen/).
